  源.cpp
c:\users\常杰\source\repos\水果忍者\水果忍者\definition.h(75): warning C4305: “初始化”: 从“double”到“float”截断
c:\users\常杰\source\repos\水果忍者\水果忍者\definition.h(76): warning C4305: “初始化”: 从“double”到“float”截断
c:\users\常杰\source\repos\水果忍者\水果忍者\definition.h(77): warning C4305: “初始化”: 从“double”到“float”截断
c:\users\常杰\source\repos\水果忍者\水果忍者\definition.h(78): warning C4305: “初始化”: 从“double”到“float”截断
c:\users\常杰\source\repos\水果忍者\水果忍者\definition.h(79): warning C4305: “初始化”: 从“double”到“float”截断
c:\users\常杰\source\repos\水果忍者\水果忍者\源.cpp(102): warning C4244: “=”: 从“int”转换到“float”，可能丢失数据
c:\users\常杰\source\repos\水果忍者\水果忍者\源.cpp(106): warning C4244: “=”: 从“int”转换到“float”，可能丢失数据
c:\users\常杰\source\repos\水果忍者\水果忍者\源.cpp(110): warning C4244: “=”: 从“int”转换到“float”，可能丢失数据
c:\users\常杰\source\repos\水果忍者\水果忍者\源.cpp(114): warning C4244: “=”: 从“int”转换到“float”，可能丢失数据
c:\users\常杰\source\repos\水果忍者\水果忍者\源.cpp(165): warning C4305: “+=”: 从“double”到“float”截断
c:\users\常杰\source\repos\水果忍者\水果忍者\源.cpp(168): warning C4305: “-=”: 从“double”到“float”截断
c:\users\常杰\source\repos\水果忍者\水果忍者\源.cpp(171): warning C4305: “+=”: 从“double”到“float”截断
c:\users\常杰\source\repos\水果忍者\水果忍者\源.cpp(174): warning C4305: “-=”: 从“double”到“float”截断
c:\users\常杰\source\repos\水果忍者\水果忍者\源.cpp(177): warning C4305: “-=”: 从“double”到“float”截断
c:\users\常杰\source\repos\水果忍者\水果忍者\源.cpp(180): warning C4305: “+=”: 从“double”到“float”截断
c:\users\常杰\source\repos\水果忍者\水果忍者\源.cpp(265): warning C4305: “+=”: 从“double”到“float”截断
c:\users\常杰\source\repos\水果忍者\水果忍者\源.cpp(288): warning C4244: “参数”: 从“float”转换到“int”，可能丢失数据
c:\users\常杰\source\repos\水果忍者\水果忍者\源.cpp(294): warning C4244: “参数”: 从“float”转换到“int”，可能丢失数据
c:\users\常杰\source\repos\水果忍者\水果忍者\源.cpp(298): warning C4244: “参数”: 从“float”转换到“int”，可能丢失数据
c:\users\常杰\source\repos\水果忍者\水果忍者\源.cpp(304): warning C4244: “参数”: 从“float”转换到“int”，可能丢失数据
c:\users\常杰\source\repos\水果忍者\水果忍者\源.cpp(308): warning C4244: “参数”: 从“float”转换到“int”，可能丢失数据
c:\users\常杰\source\repos\水果忍者\水果忍者\源.cpp(314): warning C4244: “参数”: 从“float”转换到“int”，可能丢失数据
c:\users\常杰\source\repos\水果忍者\水果忍者\源.cpp(318): warning C4244: “参数”: 从“float”转换到“int”，可能丢失数据
c:\users\常杰\source\repos\水果忍者\水果忍者\源.cpp(324): warning C4244: “参数”: 从“float”转换到“int”，可能丢失数据
c:\users\常杰\source\repos\水果忍者\水果忍者\源.cpp(328): warning C4244: “参数”: 从“float”转换到“int”，可能丢失数据
c:\users\常杰\source\repos\水果忍者\水果忍者\源.cpp(332): warning C4244: “参数”: 从“float”转换到“int”，可能丢失数据
c:\users\常杰\source\repos\水果忍者\水果忍者\源.cpp(338): warning C4244: “参数”: 从“float”转换到“int”，可能丢失数据
c:\users\常杰\source\repos\水果忍者\水果忍者\源.cpp(344): warning C4244: “参数”: 从“float”转换到“int”，可能丢失数据
c:\users\常杰\source\repos\水果忍者\水果忍者\源.cpp(348): warning C4244: “参数”: 从“float”转换到“int”，可能丢失数据
c:\users\常杰\source\repos\水果忍者\水果忍者\源.cpp(354): warning C4244: “参数”: 从“float”转换到“int”，可能丢失数据
c:\users\常杰\source\repos\水果忍者\水果忍者\源.cpp(358): warning C4244: “参数”: 从“float”转换到“int”，可能丢失数据
c:\users\常杰\source\repos\水果忍者\水果忍者\源.cpp(364): warning C4244: “参数”: 从“float”转换到“int”，可能丢失数据
c:\users\常杰\source\repos\水果忍者\水果忍者\源.cpp(368): warning C4244: “参数”: 从“float”转换到“int”，可能丢失数据
c:\users\常杰\source\repos\水果忍者\水果忍者\源.cpp(372): warning C4244: “参数”: 从“float”转换到“int”，可能丢失数据
c:\users\常杰\source\repos\水果忍者\水果忍者\源.cpp(378): warning C4244: “参数”: 从“float”转换到“int”，可能丢失数据
c:\users\常杰\source\repos\水果忍者\水果忍者\源.cpp(384): warning C4244: “参数”: 从“float”转换到“int”，可能丢失数据
c:\users\常杰\source\repos\水果忍者\水果忍者\源.cpp(388): warning C4244: “参数”: 从“float”转换到“int”，可能丢失数据
c:\users\常杰\source\repos\水果忍者\水果忍者\源.cpp(394): warning C4244: “参数”: 从“float”转换到“int”，可能丢失数据
c:\users\常杰\source\repos\水果忍者\水果忍者\源.cpp(398): warning C4244: “参数”: 从“float”转换到“int”，可能丢失数据
c:\users\常杰\source\repos\水果忍者\水果忍者\源.cpp(404): warning C4244: “参数”: 从“float”转换到“int”，可能丢失数据
c:\users\常杰\source\repos\水果忍者\水果忍者\源.cpp(410): warning C4244: “参数”: 从“float”转换到“int”，可能丢失数据
c:\users\常杰\source\repos\水果忍者\水果忍者\源.cpp(415): warning C4244: “参数”: 从“float”转换到“int”，可能丢失数据
c:\users\常杰\source\repos\水果忍者\水果忍者\源.cpp(464): warning C4244: “参数”: 从“float”转换到“int”，可能丢失数据
c:\users\常杰\source\repos\水果忍者\水果忍者\源.cpp(467): warning C4244: “参数”: 从“float”转换到“int”，可能丢失数据
c:\users\常杰\source\repos\水果忍者\水果忍者\源.cpp(480): warning C4244: “+=”: 从“double”转换到“float”，可能丢失数据
c:\users\常杰\source\repos\水果忍者\水果忍者\源.cpp(484): warning C4244: “=”: 从“double”转换到“float”，可能丢失数据
c:\users\常杰\source\repos\水果忍者\水果忍者\源.cpp(485): warning C4244: “+=”: 从“double”转换到“float”，可能丢失数据
c:\users\常杰\source\repos\水果忍者\水果忍者\源.cpp(489): warning C4244: “=”: 从“double”转换到“float”，可能丢失数据
c:\users\常杰\source\repos\水果忍者\水果忍者\源.cpp(490): warning C4244: “+=”: 从“double”转换到“float”，可能丢失数据
c:\users\常杰\source\repos\水果忍者\水果忍者\源.cpp(526): warning C4244: “=”: 从“int”转换到“float”，可能丢失数据
c:\users\常杰\source\repos\水果忍者\水果忍者\源.cpp(583): warning C4244: “=”: 从“int”转换到“float”，可能丢失数据
c:\users\常杰\source\repos\水果忍者\水果忍者\源.cpp(638): warning C4305: “-=”: 从“double”到“float”截断
c:\users\常杰\source\repos\水果忍者\水果忍者\源.cpp(641): warning C4305: “+=”: 从“double”到“float”截断
c:\users\常杰\source\repos\水果忍者\水果忍者\源.cpp(644): warning C4305: “-=”: 从“double”到“float”截断
c:\users\常杰\source\repos\水果忍者\水果忍者\源.cpp(662): warning C4244: “=”: 从“int”转换到“float”，可能丢失数据
c:\users\常杰\source\repos\水果忍者\水果忍者\源.cpp(679): warning C4244: “=”: 从“int”转换到“float”，可能丢失数据
c:\users\常杰\source\repos\水果忍者\水果忍者\源.cpp(693): warning C4244: “+=”: 从“double”转换到“float”，可能丢失数据
c:\users\常杰\source\repos\水果忍者\水果忍者\源.cpp(694): warning C4244: “+=”: 从“double”转换到“float”，可能丢失数据
c:\users\常杰\source\repos\水果忍者\水果忍者\源.cpp(695): warning C4244: “+=”: 从“double”转换到“float”，可能丢失数据
c:\users\常杰\source\repos\水果忍者\水果忍者\源.cpp(720): warning C4244: “参数”: 从“float”转换到“int”，可能丢失数据
c:\users\常杰\source\repos\水果忍者\水果忍者\源.cpp(821): warning C4305: “+=”: 从“double”到“float”截断
c:\users\常杰\source\repos\水果忍者\水果忍者\源.cpp(824): warning C4305: “-=”: 从“double”到“float”截断
c:\users\常杰\source\repos\水果忍者\水果忍者\源.cpp(842): warning C4305: “=”: 从“double”到“float”截断
c:\users\常杰\source\repos\水果忍者\水果忍者\源.cpp(843): warning C4305: “=”: 从“double”到“float”截断
c:\users\常杰\source\repos\水果忍者\水果忍者\源.cpp(844): warning C4305: “=”: 从“double”到“float”截断
c:\users\常杰\source\repos\水果忍者\水果忍者\源.cpp(845): warning C4305: “=”: 从“double”到“float”截断
c:\users\常杰\source\repos\水果忍者\水果忍者\源.cpp(846): warning C4305: “=”: 从“double”到“float”截断
c:\users\常杰\source\repos\水果忍者\水果忍者\源.cpp(862): warning C4244: “=”: 从“int”转换到“float”，可能丢失数据
c:\users\常杰\source\repos\水果忍者\水果忍者\源.cpp(870): warning C4244: “=”: 从“int”转换到“float”，可能丢失数据
c:\users\常杰\source\repos\水果忍者\水果忍者\源.cpp(876): warning C4244: “=”: 从“int”转换到“float”，可能丢失数据
c:\users\常杰\source\repos\水果忍者\水果忍者\源.cpp(882): warning C4244: “=”: 从“int”转换到“float”，可能丢失数据
c:\users\常杰\source\repos\水果忍者\水果忍者\源.cpp(975): warning C4244: “+=”: 从“double”转换到“float”，可能丢失数据
c:\users\常杰\source\repos\水果忍者\水果忍者\源.cpp(976): warning C4244: “+=”: 从“double”转换到“float”，可能丢失数据
  水果忍者.vcxproj -> C:\Users\常杰\source\repos\水果忍者\Debug\水果忍者.exe
