  源.cpp
c:\users\常杰\source\repos\水果忍者\水果忍者\definition.h(126): warning C4305: “初始化”: 从“double”到“float”截断
c:\users\常杰\source\repos\水果忍者\水果忍者\definition.h(127): warning C4305: “初始化”: 从“double”到“float”截断
c:\users\常杰\source\repos\水果忍者\水果忍者\definition.h(128): warning C4305: “初始化”: 从“double”到“float”截断
c:\users\常杰\source\repos\水果忍者\水果忍者\definition.h(129): warning C4305: “初始化”: 从“double”到“float”截断
c:\users\常杰\source\repos\水果忍者\水果忍者\definition.h(131): warning C4305: “初始化”: 从“double”到“float”截断
c:\users\常杰\source\repos\水果忍者\水果忍者\definition.h(132): warning C4305: “初始化”: 从“double”到“float”截断
c:\users\常杰\source\repos\水果忍者\水果忍者\definition.h(133): warning C4305: “初始化”: 从“double”到“float”截断
c:\users\常杰\source\repos\水果忍者\水果忍者\definition.h(135): warning C4305: “初始化”: 从“double”到“float”截断
c:\users\常杰\source\repos\水果忍者\水果忍者\definition.h(137): warning C4305: “初始化”: 从“double”到“float”截断
c:\users\常杰\source\repos\水果忍者\水果忍者\definition.h(138): warning C4305: “初始化”: 从“double”到“float”截断
c:\users\常杰\source\repos\水果忍者\水果忍者\definition.h(139): warning C4305: “初始化”: 从“double”到“float”截断
c:\users\常杰\source\repos\水果忍者\水果忍者\definition.h(140): warning C4305: “初始化”: 从“double”到“float”截断
c:\users\常杰\source\repos\水果忍者\水果忍者\definition.h(141): warning C4305: “初始化”: 从“double”到“float”截断
c:\users\常杰\source\repos\水果忍者\水果忍者\源.cpp(16): warning C4244: “参数”: 从“float”转换到“int”，可能丢失数据
c:\users\常杰\source\repos\水果忍者\水果忍者\源.cpp(18): warning C4244: “参数”: 从“float”转换到“int”，可能丢失数据
c:\users\常杰\source\repos\水果忍者\水果忍者\源.cpp(20): warning C4244: “参数”: 从“float”转换到“int”，可能丢失数据
c:\users\常杰\source\repos\水果忍者\水果忍者\源.cpp(22): warning C4244: “参数”: 从“float”转换到“int”，可能丢失数据
c:\users\常杰\source\repos\水果忍者\水果忍者\源.cpp(24): warning C4244: “参数”: 从“float”转换到“int”，可能丢失数据
c:\users\常杰\source\repos\水果忍者\水果忍者\源.cpp(26): warning C4244: “参数”: 从“float”转换到“int”，可能丢失数据
c:\users\常杰\source\repos\水果忍者\水果忍者\源.cpp(39): warning C4244: “=”: 从“LONG”转换到“float”，可能丢失数据
c:\users\常杰\source\repos\水果忍者\水果忍者\源.cpp(40): warning C4244: “=”: 从“LONG”转换到“float”，可能丢失数据
c:\users\常杰\source\repos\水果忍者\水果忍者\源.cpp(43): warning C4244: “=”: 从“LONG”转换到“float”，可能丢失数据
c:\users\常杰\source\repos\水果忍者\水果忍者\源.cpp(44): warning C4244: “=”: 从“LONG”转换到“float”，可能丢失数据
c:\users\常杰\source\repos\水果忍者\水果忍者\源.cpp(47): warning C4244: “=”: 从“LONG”转换到“float”，可能丢失数据
c:\users\常杰\source\repos\水果忍者\水果忍者\源.cpp(48): warning C4244: “=”: 从“LONG”转换到“float”，可能丢失数据
c:\users\常杰\source\repos\水果忍者\水果忍者\源.cpp(51): warning C4244: “=”: 从“LONG”转换到“float”，可能丢失数据
c:\users\常杰\source\repos\水果忍者\水果忍者\源.cpp(52): warning C4244: “=”: 从“LONG”转换到“float”，可能丢失数据
c:\users\常杰\source\repos\水果忍者\水果忍者\源.cpp(55): warning C4244: “=”: 从“LONG”转换到“float”，可能丢失数据
c:\users\常杰\source\repos\水果忍者\水果忍者\源.cpp(56): warning C4244: “=”: 从“LONG”转换到“float”，可能丢失数据
c:\users\常杰\source\repos\水果忍者\水果忍者\源.cpp(59): warning C4244: “=”: 从“LONG”转换到“float”，可能丢失数据
c:\users\常杰\source\repos\水果忍者\水果忍者\源.cpp(60): warning C4244: “=”: 从“LONG”转换到“float”，可能丢失数据
c:\users\常杰\source\repos\水果忍者\水果忍者\源.cpp(63): warning C4244: “=”: 从“LONG”转换到“float”，可能丢失数据
c:\users\常杰\source\repos\水果忍者\水果忍者\源.cpp(64): warning C4244: “=”: 从“LONG”转换到“float”，可能丢失数据
c:\users\常杰\source\repos\水果忍者\水果忍者\源.cpp(67): warning C4244: “=”: 从“LONG”转换到“float”，可能丢失数据
c:\users\常杰\source\repos\水果忍者\水果忍者\源.cpp(68): warning C4244: “=”: 从“LONG”转换到“float”，可能丢失数据
c:\users\常杰\source\repos\水果忍者\水果忍者\源.cpp(91): warning C4244: “=”: 从“int”转换到“float”，可能丢失数据
c:\users\常杰\source\repos\水果忍者\水果忍者\源.cpp(96): warning C4244: “=”: 从“int”转换到“float”，可能丢失数据
c:\users\常杰\source\repos\水果忍者\水果忍者\源.cpp(100): warning C4244: “=”: 从“int”转换到“float”，可能丢失数据
c:\users\常杰\source\repos\水果忍者\水果忍者\源.cpp(104): warning C4244: “=”: 从“int”转换到“float”，可能丢失数据
c:\users\常杰\source\repos\水果忍者\水果忍者\源.cpp(176): warning C4244: “参数”: 从“float”转换到“int”，可能丢失数据
c:\users\常杰\source\repos\水果忍者\水果忍者\源.cpp(178): warning C4244: “参数”: 从“float”转换到“int”，可能丢失数据
c:\users\常杰\source\repos\水果忍者\水果忍者\源.cpp(191): warning C4244: “参数”: 从“float”转换到“int”，可能丢失数据
c:\users\常杰\source\repos\水果忍者\水果忍者\源.cpp(193): warning C4244: “参数”: 从“float”转换到“int”，可能丢失数据
c:\users\常杰\source\repos\水果忍者\水果忍者\源.cpp(205): warning C4244: “参数”: 从“float”转换到“int”，可能丢失数据
c:\users\常杰\source\repos\水果忍者\水果忍者\源.cpp(207): warning C4244: “参数”: 从“float”转换到“int”，可能丢失数据
c:\users\常杰\source\repos\水果忍者\水果忍者\源.cpp(219): warning C4244: “参数”: 从“float”转换到“int”，可能丢失数据
c:\users\常杰\source\repos\水果忍者\水果忍者\源.cpp(221): warning C4244: “参数”: 从“float”转换到“int”，可能丢失数据
c:\users\常杰\source\repos\水果忍者\水果忍者\源.cpp(233): warning C4244: “参数”: 从“float”转换到“int”，可能丢失数据
c:\users\常杰\source\repos\水果忍者\水果忍者\源.cpp(235): warning C4244: “参数”: 从“float”转换到“int”，可能丢失数据
c:\users\常杰\source\repos\水果忍者\水果忍者\源.cpp(248): warning C4244: “参数”: 从“float”转换到“int”，可能丢失数据
c:\users\常杰\source\repos\水果忍者\水果忍者\源.cpp(250): warning C4244: “参数”: 从“float”转换到“int”，可能丢失数据
c:\users\常杰\source\repos\水果忍者\水果忍者\源.cpp(262): warning C4244: “参数”: 从“float”转换到“int”，可能丢失数据
c:\users\常杰\source\repos\水果忍者\水果忍者\源.cpp(264): warning C4244: “参数”: 从“float”转换到“int”，可能丢失数据
c:\users\常杰\source\repos\水果忍者\水果忍者\源.cpp(276): warning C4244: “参数”: 从“float”转换到“int”，可能丢失数据
c:\users\常杰\source\repos\水果忍者\水果忍者\源.cpp(278): warning C4244: “参数”: 从“float”转换到“int”，可能丢失数据
c:\users\常杰\source\repos\水果忍者\水果忍者\源.cpp(290): warning C4244: “参数”: 从“float”转换到“int”，可能丢失数据
c:\users\常杰\source\repos\水果忍者\水果忍者\源.cpp(292): warning C4244: “参数”: 从“float”转换到“int”，可能丢失数据
c:\users\常杰\source\repos\水果忍者\水果忍者\源.cpp(304): warning C4244: “参数”: 从“float”转换到“int”，可能丢失数据
c:\users\常杰\source\repos\水果忍者\水果忍者\源.cpp(306): warning C4244: “参数”: 从“float”转换到“int”，可能丢失数据
c:\users\常杰\source\repos\水果忍者\水果忍者\源.cpp(339): warning C4305: “+=”: 从“double”到“float”截断
c:\users\常杰\source\repos\水果忍者\水果忍者\源.cpp(341): warning C4305: “-=”: 从“double”到“float”截断
c:\users\常杰\source\repos\水果忍者\水果忍者\源.cpp(343): warning C4305: “+=”: 从“double”到“float”截断
c:\users\常杰\source\repos\水果忍者\水果忍者\源.cpp(345): warning C4305: “-=”: 从“double”到“float”截断
c:\users\常杰\source\repos\水果忍者\水果忍者\源.cpp(347): warning C4305: “-=”: 从“double”到“float”截断
c:\users\常杰\source\repos\水果忍者\水果忍者\源.cpp(349): warning C4305: “+=”: 从“double”到“float”截断
c:\users\常杰\source\repos\水果忍者\水果忍者\源.cpp(423): warning C4244: “参数”: 从“float”转换到“int”，可能丢失数据
c:\users\常杰\source\repos\水果忍者\水果忍者\源.cpp(431): warning C4244: “参数”: 从“float”转换到“int”，可能丢失数据
c:\users\常杰\source\repos\水果忍者\水果忍者\源.cpp(436): warning C4244: “参数”: 从“float”转换到“int”，可能丢失数据
c:\users\常杰\source\repos\水果忍者\水果忍者\源.cpp(444): warning C4244: “参数”: 从“float”转换到“int”，可能丢失数据
c:\users\常杰\source\repos\水果忍者\水果忍者\源.cpp(449): warning C4244: “参数”: 从“float”转换到“int”，可能丢失数据
c:\users\常杰\source\repos\水果忍者\水果忍者\源.cpp(457): warning C4244: “参数”: 从“float”转换到“int”，可能丢失数据
c:\users\常杰\source\repos\水果忍者\水果忍者\源.cpp(462): warning C4244: “参数”: 从“float”转换到“int”，可能丢失数据
c:\users\常杰\source\repos\水果忍者\水果忍者\源.cpp(470): warning C4244: “参数”: 从“float”转换到“int”，可能丢失数据
c:\users\常杰\source\repos\水果忍者\水果忍者\源.cpp(475): warning C4244: “参数”: 从“float”转换到“int”，可能丢失数据
c:\users\常杰\source\repos\水果忍者\水果忍者\源.cpp(480): warning C4244: “参数”: 从“float”转换到“int”，可能丢失数据
c:\users\常杰\source\repos\水果忍者\水果忍者\源.cpp(488): warning C4244: “参数”: 从“float”转换到“int”，可能丢失数据
c:\users\常杰\source\repos\水果忍者\水果忍者\源.cpp(496): warning C4244: “参数”: 从“float”转换到“int”，可能丢失数据
c:\users\常杰\source\repos\水果忍者\水果忍者\源.cpp(501): warning C4244: “参数”: 从“float”转换到“int”，可能丢失数据
c:\users\常杰\source\repos\水果忍者\水果忍者\源.cpp(509): warning C4244: “参数”: 从“float”转换到“int”，可能丢失数据
c:\users\常杰\source\repos\水果忍者\水果忍者\源.cpp(514): warning C4244: “参数”: 从“float”转换到“int”，可能丢失数据
c:\users\常杰\source\repos\水果忍者\水果忍者\源.cpp(522): warning C4244: “参数”: 从“float”转换到“int”，可能丢失数据
c:\users\常杰\source\repos\水果忍者\水果忍者\源.cpp(527): warning C4244: “参数”: 从“float”转换到“int”，可能丢失数据
c:\users\常杰\source\repos\水果忍者\水果忍者\源.cpp(532): warning C4244: “参数”: 从“float”转换到“int”，可能丢失数据
c:\users\常杰\source\repos\水果忍者\水果忍者\源.cpp(540): warning C4244: “参数”: 从“float”转换到“int”，可能丢失数据
c:\users\常杰\source\repos\水果忍者\水果忍者\源.cpp(548): warning C4244: “参数”: 从“float”转换到“int”，可能丢失数据
c:\users\常杰\source\repos\水果忍者\水果忍者\源.cpp(553): warning C4244: “参数”: 从“float”转换到“int”，可能丢失数据
c:\users\常杰\source\repos\水果忍者\水果忍者\源.cpp(561): warning C4244: “参数”: 从“float”转换到“int”，可能丢失数据
c:\users\常杰\source\repos\水果忍者\水果忍者\源.cpp(566): warning C4244: “参数”: 从“float”转换到“int”，可能丢失数据
c:\users\常杰\source\repos\水果忍者\水果忍者\源.cpp(574): warning C4244: “参数”: 从“float”转换到“int”，可能丢失数据
c:\users\常杰\source\repos\水果忍者\水果忍者\源.cpp(582): warning C4244: “参数”: 从“float”转换到“int”，可能丢失数据
c:\users\常杰\source\repos\水果忍者\水果忍者\源.cpp(587): warning C4244: “参数”: 从“float”转换到“int”，可能丢失数据
c:\users\常杰\source\repos\水果忍者\水果忍者\源.cpp(673): warning C4244: “参数”: 从“float”转换到“int”，可能丢失数据
c:\users\常杰\source\repos\水果忍者\水果忍者\源.cpp(675): warning C4244: “参数”: 从“float”转换到“int”，可能丢失数据
c:\users\常杰\source\repos\水果忍者\水果忍者\源.cpp(677): warning C4244: “参数”: 从“double”转换到“DWORD”，可能丢失数据
c:\users\常杰\source\repos\水果忍者\水果忍者\源.cpp(689): warning C4244: “+=”: 从“double”转换到“float”，可能丢失数据
c:\users\常杰\source\repos\水果忍者\水果忍者\源.cpp(693): warning C4244: “=”: 从“double”转换到“float”，可能丢失数据
c:\users\常杰\source\repos\水果忍者\水果忍者\源.cpp(694): warning C4244: “+=”: 从“double”转换到“float”，可能丢失数据
c:\users\常杰\source\repos\水果忍者\水果忍者\源.cpp(698): warning C4244: “=”: 从“double”转换到“float”，可能丢失数据
c:\users\常杰\source\repos\水果忍者\水果忍者\源.cpp(699): warning C4244: “+=”: 从“double”转换到“float”，可能丢失数据
c:\users\常杰\source\repos\水果忍者\水果忍者\源.cpp(814): warning C4244: “+=”: 从“double”转换到“float”，可能丢失数据
c:\users\常杰\source\repos\水果忍者\水果忍者\源.cpp(816): warning C4305: “-=”: 从“double”到“float”截断
c:\users\常杰\source\repos\水果忍者\水果忍者\源.cpp(818): warning C4305: “+=”: 从“double”到“float”截断
c:\users\常杰\source\repos\水果忍者\水果忍者\源.cpp(830): warning C4244: “+=”: 从“double”转换到“float”，可能丢失数据
c:\users\常杰\source\repos\水果忍者\水果忍者\源.cpp(832): warning C4305: “-=”: 从“double”到“float”截断
c:\users\常杰\source\repos\水果忍者\水果忍者\源.cpp(834): warning C4305: “+=”: 从“double”到“float”截断
c:\users\常杰\source\repos\水果忍者\水果忍者\源.cpp(846): warning C4244: “+=”: 从“double”转换到“float”，可能丢失数据
c:\users\常杰\source\repos\水果忍者\水果忍者\源.cpp(848): warning C4305: “-=”: 从“double”到“float”截断
c:\users\常杰\source\repos\水果忍者\水果忍者\源.cpp(850): warning C4305: “+=”: 从“double”到“float”截断
c:\users\常杰\source\repos\水果忍者\水果忍者\源.cpp(862): warning C4244: “+=”: 从“double”转换到“float”，可能丢失数据
c:\users\常杰\source\repos\水果忍者\水果忍者\源.cpp(864): warning C4305: “-=”: 从“double”到“float”截断
c:\users\常杰\source\repos\水果忍者\水果忍者\源.cpp(866): warning C4305: “+=”: 从“double”到“float”截断
c:\users\常杰\source\repos\水果忍者\水果忍者\源.cpp(878): warning C4244: “+=”: 从“double”转换到“float”，可能丢失数据
c:\users\常杰\source\repos\水果忍者\水果忍者\源.cpp(895): warning C4244: “+=”: 从“double”转换到“float”，可能丢失数据
c:\users\常杰\source\repos\水果忍者\水果忍者\源.cpp(897): warning C4305: “-=”: 从“double”到“float”截断
c:\users\常杰\source\repos\水果忍者\水果忍者\源.cpp(898): warning C4305: “+=”: 从“double”到“float”截断
c:\users\常杰\source\repos\水果忍者\水果忍者\源.cpp(911): warning C4244: “+=”: 从“double”转换到“float”，可能丢失数据
c:\users\常杰\source\repos\水果忍者\水果忍者\源.cpp(913): warning C4305: “-=”: 从“double”到“float”截断
c:\users\常杰\source\repos\水果忍者\水果忍者\源.cpp(914): warning C4305: “+=”: 从“double”到“float”截断
c:\users\常杰\source\repos\水果忍者\水果忍者\源.cpp(927): warning C4244: “+=”: 从“double”转换到“float”，可能丢失数据
c:\users\常杰\source\repos\水果忍者\水果忍者\源.cpp(929): warning C4305: “-=”: 从“double”到“float”截断
c:\users\常杰\source\repos\水果忍者\水果忍者\源.cpp(930): warning C4305: “+=”: 从“double”到“float”截断
c:\users\常杰\source\repos\水果忍者\水果忍者\源.cpp(943): warning C4244: “+=”: 从“double”转换到“float”，可能丢失数据
c:\users\常杰\source\repos\水果忍者\水果忍者\源.cpp(945): warning C4305: “-=”: 从“double”到“float”截断
c:\users\常杰\source\repos\水果忍者\水果忍者\源.cpp(946): warning C4305: “+=”: 从“double”到“float”截断
c:\users\常杰\source\repos\水果忍者\水果忍者\源.cpp(959): warning C4244: “+=”: 从“double”转换到“float”，可能丢失数据
c:\users\常杰\source\repos\水果忍者\水果忍者\源.cpp(961): warning C4305: “-=”: 从“double”到“float”截断
c:\users\常杰\source\repos\水果忍者\水果忍者\源.cpp(962): warning C4305: “+=”: 从“double”到“float”截断
c:\users\常杰\source\repos\水果忍者\水果忍者\源.cpp(990): warning C4244: “=”: 从“int”转换到“float”，可能丢失数据
c:\users\常杰\source\repos\水果忍者\水果忍者\源.cpp(1067): warning C4244: “=”: 从“int”转换到“float”，可能丢失数据
c:\users\常杰\source\repos\水果忍者\水果忍者\源.cpp(1208): warning C4244: “=”: 从“int”转换到“float”，可能丢失数据
c:\users\常杰\source\repos\水果忍者\水果忍者\源.cpp(1226): warning C4244: “=”: 从“int”转换到“float”，可能丢失数据
c:\users\常杰\source\repos\水果忍者\水果忍者\源.cpp(1239): warning C4244: “+=”: 从“double”转换到“float”，可能丢失数据
c:\users\常杰\source\repos\水果忍者\水果忍者\源.cpp(1240): warning C4244: “+=”: 从“double”转换到“float”，可能丢失数据
c:\users\常杰\source\repos\水果忍者\水果忍者\源.cpp(1241): warning C4244: “+=”: 从“double”转换到“float”，可能丢失数据
c:\users\常杰\source\repos\水果忍者\水果忍者\源.cpp(1253): warning C4305: “-=”: 从“double”到“float”截断
c:\users\常杰\source\repos\水果忍者\水果忍者\源.cpp(1256): warning C4305: “+=”: 从“double”到“float”截断
c:\users\常杰\source\repos\水果忍者\水果忍者\源.cpp(1259): warning C4305: “-=”: 从“double”到“float”截断
c:\users\常杰\source\repos\水果忍者\水果忍者\源.cpp(1302): warning C4244: “参数”: 从“float”转换到“int”，可能丢失数据
c:\users\常杰\source\repos\水果忍者\水果忍者\源.cpp(1523): warning C4305: “+=”: 从“double”到“float”截断
c:\users\常杰\source\repos\水果忍者\水果忍者\源.cpp(1526): warning C4305: “-=”: 从“double”到“float”截断
c:\users\常杰\source\repos\水果忍者\水果忍者\源.cpp(1529): warning C4305: “-=”: 从“double”到“float”截断
c:\users\常杰\source\repos\水果忍者\水果忍者\源.cpp(1532): warning C4305: “+=”: 从“double”到“float”截断
c:\users\常杰\source\repos\水果忍者\水果忍者\源.cpp(1561): warning C4305: “=”: 从“double”到“float”截断
c:\users\常杰\source\repos\水果忍者\水果忍者\源.cpp(1562): warning C4305: “=”: 从“double”到“float”截断
c:\users\常杰\source\repos\水果忍者\水果忍者\源.cpp(1563): warning C4305: “=”: 从“double”到“float”截断
c:\users\常杰\source\repos\水果忍者\水果忍者\源.cpp(1564): warning C4305: “=”: 从“double”到“float”截断
c:\users\常杰\source\repos\水果忍者\水果忍者\源.cpp(1565): warning C4305: “=”: 从“double”到“float”截断
c:\users\常杰\source\repos\水果忍者\水果忍者\源.cpp(1581): warning C4244: “=”: 从“int”转换到“float”，可能丢失数据
c:\users\常杰\source\repos\水果忍者\水果忍者\源.cpp(1587): warning C4244: “=”: 从“int”转换到“float”，可能丢失数据
c:\users\常杰\source\repos\水果忍者\水果忍者\源.cpp(1592): warning C4244: “=”: 从“int”转换到“float”，可能丢失数据
c:\users\常杰\source\repos\水果忍者\水果忍者\源.cpp(1597): warning C4244: “=”: 从“int”转换到“float”，可能丢失数据
c:\users\常杰\source\repos\水果忍者\水果忍者\源.cpp(1740): warning C4244: “+=”: 从“double”转换到“float”，可能丢失数据
c:\users\常杰\source\repos\水果忍者\水果忍者\源.cpp(1741): warning C4244: “+=”: 从“double”转换到“float”，可能丢失数据
c:\users\常杰\source\repos\水果忍者\水果忍者\源.cpp(1752): warning C4305: “-=”: 从“double”到“float”截断
c:\users\常杰\source\repos\水果忍者\水果忍者\源.cpp(1755): warning C4305: “+=”: 从“double”到“float”截断
c:\users\常杰\source\repos\水果忍者\水果忍者\源.cpp(1758): warning C4305: “-=”: 从“double”到“float”截断
  水果忍者.vcxproj -> C:\Users\常杰\source\repos\水果忍者\Debug\水果忍者.exe
